<?xml version="1.0" encoding="UTF-8"?>
<testsuite xmlns:xsi="http://www.w3.org/2001/XMLSchema-instance" xsi:noNamespaceSchemaLocation="https://maven.apache.org/surefire/maven-surefire-plugin/xsd/surefire-test-report.xsd" name="com.chw.kill.KillApplicationTests" time="5.334" tests="1" errors="0" skipped="0" failures="0">
  <properties>
    <property name="sun.desktop" value="windows"/>
    <property name="awt.toolkit" value="sun.awt.windows.WToolkit"/>
    <property name="file.encoding.pkg" value="sun.io"/>
    <property name="java.specification.version" value="1.8"/>
    <property name="sun.cpu.isalist" value="amd64"/>
    <property name="sun.jnu.encoding" value="GBK"/>
    <property name="java.class.path" value="D:\1-Project\kill\target\test-classes;D:\1-Project\kill\target\classes;D:\repository\org\springframework\boot\spring-boot-starter-thymeleaf\2.5.0\spring-boot-starter-thymeleaf-2.5.0.jar;D:\repository\org\springframework\boot\spring-boot-starter\2.5.0\spring-boot-starter-2.5.0.jar;D:\repository\org\springframework\boot\spring-boot\2.5.0\spring-boot-2.5.0.jar;D:\repository\org\springframework\boot\spring-boot-starter-logging\2.5.0\spring-boot-starter-logging-2.5.0.jar;D:\repository\ch\qos\logback\logback-classic\1.2.3\logback-classic-1.2.3.jar;D:\repository\ch\qos\logback\logback-core\1.2.3\logback-core-1.2.3.jar;D:\repository\org\apache\logging\log4j\log4j-to-slf4j\2.14.1\log4j-to-slf4j-2.14.1.jar;D:\repository\org\apache\logging\log4j\log4j-api\2.14.1\log4j-api-2.14.1.jar;D:\repository\org\slf4j\jul-to-slf4j\1.7.30\jul-to-slf4j-1.7.30.jar;D:\repository\jakarta\annotation\jakarta.annotation-api\1.3.5\jakarta.annotation-api-1.3.5.jar;D:\repository\org\yaml\snakeyaml\1.28\snakeyaml-1.28.jar;D:\repository\org\thymeleaf\thymeleaf-spring5\3.0.12.RELEASE\thymeleaf-spring5-3.0.12.RELEASE.jar;D:\repository\org\thymeleaf\thymeleaf\3.0.12.RELEASE\thymeleaf-3.0.12.RELEASE.jar;D:\repository\org\attoparser\attoparser\2.0.5.RELEASE\attoparser-2.0.5.RELEASE.jar;D:\repository\org\unbescape\unbescape\1.1.6.RELEASE\unbescape-1.1.6.RELEASE.jar;D:\repository\org\slf4j\slf4j-api\1.7.30\slf4j-api-1.7.30.jar;D:\repository\org\thymeleaf\extras\thymeleaf-extras-java8time\3.0.4.RELEASE\thymeleaf-extras-java8time-3.0.4.RELEASE.jar;D:\repository\org\springframework\boot\spring-boot-starter-web\2.5.0\spring-boot-starter-web-2.5.0.jar;D:\repository\org\springframework\boot\spring-boot-starter-json\2.5.0\spring-boot-starter-json-2.5.0.jar;D:\repository\com\fasterxml\jackson\core\jackson-databind\2.12.3\jackson-databind-2.12.3.jar;D:\repository\com\fasterxml\jackson\core\jackson-annotations\2.12.3\jackson-annotations-2.12.3.jar;D:\repository\com\fasterxml\jackson\core\jackson-core\2.12.3\jackson-core-2.12.3.jar;D:\repository\com\fasterxml\jackson\datatype\jackson-datatype-jdk8\2.12.3\jackson-datatype-jdk8-2.12.3.jar;D:\repository\com\fasterxml\jackson\datatype\jackson-datatype-jsr310\2.12.3\jackson-datatype-jsr310-2.12.3.jar;D:\repository\com\fasterxml\jackson\module\jackson-module-parameter-names\2.12.3\jackson-module-parameter-names-2.12.3.jar;D:\repository\org\springframework\boot\spring-boot-starter-tomcat\2.5.0\spring-boot-starter-tomcat-2.5.0.jar;D:\repository\org\apache\tomcat\embed\tomcat-embed-core\9.0.46\tomcat-embed-core-9.0.46.jar;D:\repository\org\apache\tomcat\embed\tomcat-embed-websocket\9.0.46\tomcat-embed-websocket-9.0.46.jar;D:\repository\org\springframework\spring-web\5.3.7\spring-web-5.3.7.jar;D:\repository\org\springframework\spring-beans\5.3.7\spring-beans-5.3.7.jar;D:\repository\org\springframework\spring-webmvc\5.3.7\spring-webmvc-5.3.7.jar;D:\repository\org\springframework\spring-aop\5.3.7\spring-aop-5.3.7.jar;D:\repository\org\springframework\spring-context\5.3.7\spring-context-5.3.7.jar;D:\repository\org\springframework\spring-expression\5.3.7\spring-expression-5.3.7.jar;D:\repository\mysql\mysql-connector-java\5.1.23\mysql-connector-java-5.1.23.jar;D:\repository\com\baomidou\mybatis-plus-boot-starter\3.4.3\mybatis-plus-boot-starter-3.4.3.jar;D:\repository\com\baomidou\mybatis-plus\3.4.3\mybatis-plus-3.4.3.jar;D:\repository\com\baomidou\mybatis-plus-extension\3.4.3\mybatis-plus-extension-3.4.3.jar;D:\repository\com\baomidou\mybatis-plus-core\3.4.3\mybatis-plus-core-3.4.3.jar;D:\repository\com\baomidou\mybatis-plus-annotation\3.4.3\mybatis-plus-annotation-3.4.3.jar;D:\repository\com\github\jsqlparser\jsqlparser\4.0\jsqlparser-4.0.jar;D:\repository\org\mybatis\mybatis\3.5.7\mybatis-3.5.7.jar;D:\repository\org\mybatis\mybatis-spring\2.0.6\mybatis-spring-2.0.6.jar;D:\repository\org\springframework\boot\spring-boot-autoconfigure\2.5.0\spring-boot-autoconfigure-2.5.0.jar;D:\repository\org\springframework\boot\spring-boot-starter-jdbc\2.5.0\spring-boot-starter-jdbc-2.5.0.jar;D:\repository\com\zaxxer\HikariCP\4.0.3\HikariCP-4.0.3.jar;D:\repository\org\springframework\spring-jdbc\5.3.7\spring-jdbc-5.3.7.jar;D:\repository\org\projectlombok\lombok\1.18.20\lombok-1.18.20.jar;D:\repository\org\springframework\boot\spring-boot-starter-test\2.5.0\spring-boot-starter-test-2.5.0.jar;D:\repository\org\springframework\boot\spring-boot-test\2.5.0\spring-boot-test-2.5.0.jar;D:\repository\org\springframework\boot\spring-boot-test-autoconfigure\2.5.0\spring-boot-test-autoconfigure-2.5.0.jar;D:\repository\com\jayway\jsonpath\json-path\2.5.0\json-path-2.5.0.jar;D:\repository\net\minidev\json-smart\2.4.7\json-smart-2.4.7.jar;D:\repository\net\minidev\accessors-smart\2.4.7\accessors-smart-2.4.7.jar;D:\repository\org\ow2\asm\asm\9.1\asm-9.1.jar;D:\repository\jakarta\xml\bind\jakarta.xml.bind-api\2.3.3\jakarta.xml.bind-api-2.3.3.jar;D:\repository\jakarta\activation\jakarta.activation-api\1.2.2\jakarta.activation-api-1.2.2.jar;D:\repository\org\assertj\assertj-core\3.19.0\assertj-core-3.19.0.jar;D:\repository\org\hamcrest\hamcrest\2.2\hamcrest-2.2.jar;D:\repository\org\junit\jupiter\junit-jupiter\5.7.2\junit-jupiter-5.7.2.jar;D:\repository\org\junit\jupiter\junit-jupiter-api\5.7.2\junit-jupiter-api-5.7.2.jar;D:\repository\org\apiguardian\apiguardian-api\1.1.0\apiguardian-api-1.1.0.jar;D:\repository\org\opentest4j\opentest4j\1.2.0\opentest4j-1.2.0.jar;D:\repository\org\junit\platform\junit-platform-commons\1.7.2\junit-platform-commons-1.7.2.jar;D:\repository\org\junit\jupiter\junit-jupiter-params\5.7.2\junit-jupiter-params-5.7.2.jar;D:\repository\org\junit\jupiter\junit-jupiter-engine\5.7.2\junit-jupiter-engine-5.7.2.jar;D:\repository\org\junit\platform\junit-platform-engine\1.7.2\junit-platform-engine-1.7.2.jar;D:\repository\org\mockito\mockito-core\3.9.0\mockito-core-3.9.0.jar;D:\repository\net\bytebuddy\byte-buddy\1.10.22\byte-buddy-1.10.22.jar;D:\repository\net\bytebuddy\byte-buddy-agent\1.10.22\byte-buddy-agent-1.10.22.jar;D:\repository\org\objenesis\objenesis\3.2\objenesis-3.2.jar;D:\repository\org\mockito\mockito-junit-jupiter\3.9.0\mockito-junit-jupiter-3.9.0.jar;D:\repository\org\skyscreamer\jsonassert\1.5.0\jsonassert-1.5.0.jar;D:\repository\com\vaadin\external\google\android-json\0.0.20131108.vaadin1\android-json-0.0.20131108.vaadin1.jar;D:\repository\org\springframework\spring-core\5.3.7\spring-core-5.3.7.jar;D:\repository\org\springframework\spring-jcl\5.3.7\spring-jcl-5.3.7.jar;D:\repository\org\springframework\spring-test\5.3.7\spring-test-5.3.7.jar;D:\repository\org\xmlunit\xmlunit-core\2.8.2\xmlunit-core-2.8.2.jar;D:\repository\commons-codec\commons-codec\1.15\commons-codec-1.15.jar;D:\repository\org\apache\commons\commons-lang3\3.6\commons-lang3-3.6.jar;D:\repository\org\springframework\boot\spring-boot-starter-validation\2.5.0\spring-boot-starter-validation-2.5.0.jar;D:\repository\org\apache\tomcat\embed\tomcat-embed-el\9.0.46\tomcat-embed-el-9.0.46.jar;D:\repository\org\hibernate\validator\hibernate-validator\6.2.0.Final\hibernate-validator-6.2.0.Final.jar;D:\repository\jakarta\validation\jakarta.validation-api\2.0.2\jakarta.validation-api-2.0.2.jar;D:\repository\org\jboss\logging\jboss-logging\3.4.1.Final\jboss-logging-3.4.1.Final.jar;D:\repository\com\fasterxml\classmate\1.5.1\classmate-1.5.1.jar;D:\repository\org\springframework\boot\spring-boot-starter-data-redis\2.5.0\spring-boot-starter-data-redis-2.5.0.jar;D:\repository\org\springframework\data\spring-data-redis\2.5.1\spring-data-redis-2.5.1.jar;D:\repository\org\springframework\data\spring-data-keyvalue\2.5.1\spring-data-keyvalue-2.5.1.jar;D:\repository\org\springframework\data\spring-data-commons\2.5.1\spring-data-commons-2.5.1.jar;D:\repository\org\springframework\spring-tx\5.3.7\spring-tx-5.3.7.jar;D:\repository\org\springframework\spring-oxm\5.3.7\spring-oxm-5.3.7.jar;D:\repository\org\springframework\spring-context-support\5.3.7\spring-context-support-5.3.7.jar;D:\repository\io\lettuce\lettuce-core\6.1.2.RELEASE\lettuce-core-6.1.2.RELEASE.jar;D:\repository\io\netty\netty-common\4.1.65.Final\netty-common-4.1.65.Final.jar;D:\repository\io\netty\netty-handler\4.1.65.Final\netty-handler-4.1.65.Final.jar;D:\repository\io\netty\netty-resolver\4.1.65.Final\netty-resolver-4.1.65.Final.jar;D:\repository\io\netty\netty-buffer\4.1.65.Final\netty-buffer-4.1.65.Final.jar;D:\repository\io\netty\netty-codec\4.1.65.Final\netty-codec-4.1.65.Final.jar;D:\repository\io\netty\netty-transport\4.1.65.Final\netty-transport-4.1.65.Final.jar;D:\repository\io\projectreactor\reactor-core\3.4.6\reactor-core-3.4.6.jar;D:\repository\org\reactivestreams\reactive-streams\1.0.3\reactive-streams-1.0.3.jar;D:\repository\org\apache\commons\commons-pool2\2.4.2\commons-pool2-2.4.2.jar;D:\repository\redis\clients\jedis\2.9.0\jedis-2.9.0.jar;"/>
    <property name="java.vm.vendor" value="Oracle Corporation"/>
    <property name="sun.arch.data.model" value="64"/>
    <property name="user.variant" value=""/>
    <property name="java.vendor.url" value="http://java.oracle.com/"/>
    <property name="user.timezone" value="Asia/Shanghai"/>
    <property name="java.vm.specification.version" value="1.8"/>
    <property name="os.name" value="Windows 10"/>
    <property name="user.country" value="CN"/>
    <property name="sun.java.launcher" value="SUN_STANDARD"/>
    <property name="sun.boot.library.path" value="C:\Program Files\Java\jdk1.8.0_101\jre\bin"/>
    <property name="sun.java.command" value="C:\Users\13722\AppData\Local\Temp\surefire8447053024135609282\surefirebooter4573560793971217626.jar C:\Users\13722\AppData\Local\Temp\surefire8447053024135609282 2021-06-11T21-49-00_509-jvmRun1 surefire3966646788704311157tmp surefire_04816001016008154890tmp"/>
    <property name="surefire.test.class.path" value="D:\1-Project\kill\target\test-classes;D:\1-Project\kill\target\classes;D:\repository\org\springframework\boot\spring-boot-starter-thymeleaf\2.5.0\spring-boot-starter-thymeleaf-2.5.0.jar;D:\repository\org\springframework\boot\spring-boot-starter\2.5.0\spring-boot-starter-2.5.0.jar;D:\repository\org\springframework\boot\spring-boot\2.5.0\spring-boot-2.5.0.jar;D:\repository\org\springframework\boot\spring-boot-starter-logging\2.5.0\spring-boot-starter-logging-2.5.0.jar;D:\repository\ch\qos\logback\logback-classic\1.2.3\logback-classic-1.2.3.jar;D:\repository\ch\qos\logback\logback-core\1.2.3\logback-core-1.2.3.jar;D:\repository\org\apache\logging\log4j\log4j-to-slf4j\2.14.1\log4j-to-slf4j-2.14.1.jar;D:\repository\org\apache\logging\log4j\log4j-api\2.14.1\log4j-api-2.14.1.jar;D:\repository\org\slf4j\jul-to-slf4j\1.7.30\jul-to-slf4j-1.7.30.jar;D:\repository\jakarta\annotation\jakarta.annotation-api\1.3.5\jakarta.annotation-api-1.3.5.jar;D:\repository\org\yaml\snakeyaml\1.28\snakeyaml-1.28.jar;D:\repository\org\thymeleaf\thymeleaf-spring5\3.0.12.RELEASE\thymeleaf-spring5-3.0.12.RELEASE.jar;D:\repository\org\thymeleaf\thymeleaf\3.0.12.RELEASE\thymeleaf-3.0.12.RELEASE.jar;D:\repository\org\attoparser\attoparser\2.0.5.RELEASE\attoparser-2.0.5.RELEASE.jar;D:\repository\org\unbescape\unbescape\1.1.6.RELEASE\unbescape-1.1.6.RELEASE.jar;D:\repository\org\slf4j\slf4j-api\1.7.30\slf4j-api-1.7.30.jar;D:\repository\org\thymeleaf\extras\thymeleaf-extras-java8time\3.0.4.RELEASE\thymeleaf-extras-java8time-3.0.4.RELEASE.jar;D:\repository\org\springframework\boot\spring-boot-starter-web\2.5.0\spring-boot-starter-web-2.5.0.jar;D:\repository\org\springframework\boot\spring-boot-starter-json\2.5.0\spring-boot-starter-json-2.5.0.jar;D:\repository\com\fasterxml\jackson\core\jackson-databind\2.12.3\jackson-databind-2.12.3.jar;D:\repository\com\fasterxml\jackson\core\jackson-annotations\2.12.3\jackson-annotations-2.12.3.jar;D:\repository\com\fasterxml\jackson\core\jackson-core\2.12.3\jackson-core-2.12.3.jar;D:\repository\com\fasterxml\jackson\datatype\jackson-datatype-jdk8\2.12.3\jackson-datatype-jdk8-2.12.3.jar;D:\repository\com\fasterxml\jackson\datatype\jackson-datatype-jsr310\2.12.3\jackson-datatype-jsr310-2.12.3.jar;D:\repository\com\fasterxml\jackson\module\jackson-module-parameter-names\2.12.3\jackson-module-parameter-names-2.12.3.jar;D:\repository\org\springframework\boot\spring-boot-starter-tomcat\2.5.0\spring-boot-starter-tomcat-2.5.0.jar;D:\repository\org\apache\tomcat\embed\tomcat-embed-core\9.0.46\tomcat-embed-core-9.0.46.jar;D:\repository\org\apache\tomcat\embed\tomcat-embed-websocket\9.0.46\tomcat-embed-websocket-9.0.46.jar;D:\repository\org\springframework\spring-web\5.3.7\spring-web-5.3.7.jar;D:\repository\org\springframework\spring-beans\5.3.7\spring-beans-5.3.7.jar;D:\repository\org\springframework\spring-webmvc\5.3.7\spring-webmvc-5.3.7.jar;D:\repository\org\springframework\spring-aop\5.3.7\spring-aop-5.3.7.jar;D:\repository\org\springframework\spring-context\5.3.7\spring-context-5.3.7.jar;D:\repository\org\springframework\spring-expression\5.3.7\spring-expression-5.3.7.jar;D:\repository\mysql\mysql-connector-java\5.1.23\mysql-connector-java-5.1.23.jar;D:\repository\com\baomidou\mybatis-plus-boot-starter\3.4.3\mybatis-plus-boot-starter-3.4.3.jar;D:\repository\com\baomidou\mybatis-plus\3.4.3\mybatis-plus-3.4.3.jar;D:\repository\com\baomidou\mybatis-plus-extension\3.4.3\mybatis-plus-extension-3.4.3.jar;D:\repository\com\baomidou\mybatis-plus-core\3.4.3\mybatis-plus-core-3.4.3.jar;D:\repository\com\baomidou\mybatis-plus-annotation\3.4.3\mybatis-plus-annotation-3.4.3.jar;D:\repository\com\github\jsqlparser\jsqlparser\4.0\jsqlparser-4.0.jar;D:\repository\org\mybatis\mybatis\3.5.7\mybatis-3.5.7.jar;D:\repository\org\mybatis\mybatis-spring\2.0.6\mybatis-spring-2.0.6.jar;D:\repository\org\springframework\boot\spring-boot-autoconfigure\2.5.0\spring-boot-autoconfigure-2.5.0.jar;D:\repository\org\springframework\boot\spring-boot-starter-jdbc\2.5.0\spring-boot-starter-jdbc-2.5.0.jar;D:\repository\com\zaxxer\HikariCP\4.0.3\HikariCP-4.0.3.jar;D:\repository\org\springframework\spring-jdbc\5.3.7\spring-jdbc-5.3.7.jar;D:\repository\org\projectlombok\lombok\1.18.20\lombok-1.18.20.jar;D:\repository\org\springframework\boot\spring-boot-starter-test\2.5.0\spring-boot-starter-test-2.5.0.jar;D:\repository\org\springframework\boot\spring-boot-test\2.5.0\spring-boot-test-2.5.0.jar;D:\repository\org\springframework\boot\spring-boot-test-autoconfigure\2.5.0\spring-boot-test-autoconfigure-2.5.0.jar;D:\repository\com\jayway\jsonpath\json-path\2.5.0\json-path-2.5.0.jar;D:\repository\net\minidev\json-smart\2.4.7\json-smart-2.4.7.jar;D:\repository\net\minidev\accessors-smart\2.4.7\accessors-smart-2.4.7.jar;D:\repository\org\ow2\asm\asm\9.1\asm-9.1.jar;D:\repository\jakarta\xml\bind\jakarta.xml.bind-api\2.3.3\jakarta.xml.bind-api-2.3.3.jar;D:\repository\jakarta\activation\jakarta.activation-api\1.2.2\jakarta.activation-api-1.2.2.jar;D:\repository\org\assertj\assertj-core\3.19.0\assertj-core-3.19.0.jar;D:\repository\org\hamcrest\hamcrest\2.2\hamcrest-2.2.jar;D:\repository\org\junit\jupiter\junit-jupiter\5.7.2\junit-jupiter-5.7.2.jar;D:\repository\org\junit\jupiter\junit-jupiter-api\5.7.2\junit-jupiter-api-5.7.2.jar;D:\repository\org\apiguardian\apiguardian-api\1.1.0\apiguardian-api-1.1.0.jar;D:\repository\org\opentest4j\opentest4j\1.2.0\opentest4j-1.2.0.jar;D:\repository\org\junit\platform\junit-platform-commons\1.7.2\junit-platform-commons-1.7.2.jar;D:\repository\org\junit\jupiter\junit-jupiter-params\5.7.2\junit-jupiter-params-5.7.2.jar;D:\repository\org\junit\jupiter\junit-jupiter-engine\5.7.2\junit-jupiter-engine-5.7.2.jar;D:\repository\org\junit\platform\junit-platform-engine\1.7.2\junit-platform-engine-1.7.2.jar;D:\repository\org\mockito\mockito-core\3.9.0\mockito-core-3.9.0.jar;D:\repository\net\bytebuddy\byte-buddy\1.10.22\byte-buddy-1.10.22.jar;D:\repository\net\bytebuddy\byte-buddy-agent\1.10.22\byte-buddy-agent-1.10.22.jar;D:\repository\org\objenesis\objenesis\3.2\objenesis-3.2.jar;D:\repository\org\mockito\mockito-junit-jupiter\3.9.0\mockito-junit-jupiter-3.9.0.jar;D:\repository\org\skyscreamer\jsonassert\1.5.0\jsonassert-1.5.0.jar;D:\repository\com\vaadin\external\google\android-json\0.0.20131108.vaadin1\android-json-0.0.20131108.vaadin1.jar;D:\repository\org\springframework\spring-core\5.3.7\spring-core-5.3.7.jar;D:\repository\org\springframework\spring-jcl\5.3.7\spring-jcl-5.3.7.jar;D:\repository\org\springframework\spring-test\5.3.7\spring-test-5.3.7.jar;D:\repository\org\xmlunit\xmlunit-core\2.8.2\xmlunit-core-2.8.2.jar;D:\repository\commons-codec\commons-codec\1.15\commons-codec-1.15.jar;D:\repository\org\apache\commons\commons-lang3\3.6\commons-lang3-3.6.jar;D:\repository\org\springframework\boot\spring-boot-starter-validation\2.5.0\spring-boot-starter-validation-2.5.0.jar;D:\repository\org\apache\tomcat\embed\tomcat-embed-el\9.0.46\tomcat-embed-el-9.0.46.jar;D:\repository\org\hibernate\validator\hibernate-validator\6.2.0.Final\hibernate-validator-6.2.0.Final.jar;D:\repository\jakarta\validation\jakarta.validation-api\2.0.2\jakarta.validation-api-2.0.2.jar;D:\repository\org\jboss\logging\jboss-logging\3.4.1.Final\jboss-logging-3.4.1.Final.jar;D:\repository\com\fasterxml\classmate\1.5.1\classmate-1.5.1.jar;D:\repository\org\springframework\boot\spring-boot-starter-data-redis\2.5.0\spring-boot-starter-data-redis-2.5.0.jar;D:\repository\org\springframework\data\spring-data-redis\2.5.1\spring-data-redis-2.5.1.jar;D:\repository\org\springframework\data\spring-data-keyvalue\2.5.1\spring-data-keyvalue-2.5.1.jar;D:\repository\org\springframework\data\spring-data-commons\2.5.1\spring-data-commons-2.5.1.jar;D:\repository\org\springframework\spring-tx\5.3.7\spring-tx-5.3.7.jar;D:\repository\org\springframework\spring-oxm\5.3.7\spring-oxm-5.3.7.jar;D:\repository\org\springframework\spring-context-support\5.3.7\spring-context-support-5.3.7.jar;D:\repository\io\lettuce\lettuce-core\6.1.2.RELEASE\lettuce-core-6.1.2.RELEASE.jar;D:\repository\io\netty\netty-common\4.1.65.Final\netty-common-4.1.65.Final.jar;D:\repository\io\netty\netty-handler\4.1.65.Final\netty-handler-4.1.65.Final.jar;D:\repository\io\netty\netty-resolver\4.1.65.Final\netty-resolver-4.1.65.Final.jar;D:\repository\io\netty\netty-buffer\4.1.65.Final\netty-buffer-4.1.65.Final.jar;D:\repository\io\netty\netty-codec\4.1.65.Final\netty-codec-4.1.65.Final.jar;D:\repository\io\netty\netty-transport\4.1.65.Final\netty-transport-4.1.65.Final.jar;D:\repository\io\projectreactor\reactor-core\3.4.6\reactor-core-3.4.6.jar;D:\repository\org\reactivestreams\reactive-streams\1.0.3\reactive-streams-1.0.3.jar;D:\repository\org\apache\commons\commons-pool2\2.4.2\commons-pool2-2.4.2.jar;D:\repository\redis\clients\jedis\2.9.0\jedis-2.9.0.jar;"/>
    <property name="sun.cpu.endian" value="little"/>
    <property name="user.home" value="C:\Users\13722"/>
    <property name="user.language" value="zh"/>
    <property name="java.specification.vendor" value="Oracle Corporation"/>
    <property name="java.home" value="C:\Program Files\Java\jdk1.8.0_101\jre"/>
    <property name="basedir" value="D:\1-Project\kill"/>
    <property name="file.separator" value="\"/>
    <property name="line.separator" value="&#10;"/>
    <property name="java.vm.specification.vendor" value="Oracle Corporation"/>
    <property name="java.specification.name" value="Java Platform API Specification"/>
    <property name="java.awt.graphicsenv" value="sun.awt.Win32GraphicsEnvironment"/>
    <property name="surefire.real.class.path" value="C:\Users\13722\AppData\Local\Temp\surefire8447053024135609282\surefirebooter4573560793971217626.jar"/>
    <property name="sun.boot.class.path" value="C:\Program Files\Java\jdk1.8.0_101\jre\lib\resources.jar;C:\Program Files\Java\jdk1.8.0_101\jre\lib\rt.jar;C:\Program Files\Java\jdk1.8.0_101\jre\lib\sunrsasign.jar;C:\Program Files\Java\jdk1.8.0_101\jre\lib\jsse.jar;C:\Program Files\Java\jdk1.8.0_101\jre\lib\jce.jar;C:\Program Files\Java\jdk1.8.0_101\jre\lib\charsets.jar;C:\Program Files\Java\jdk1.8.0_101\jre\lib\jfr.jar;C:\Program Files\Java\jdk1.8.0_101\jre\classes"/>
    <property name="user.script" value=""/>
    <property name="sun.management.compiler" value="HotSpot 64-Bit Tiered Compilers"/>
    <property name="java.runtime.version" value="1.8.0_101-b13"/>
    <property name="user.name" value="13722"/>
    <property name="path.separator" value=";"/>
    <property name="os.version" value="10.0"/>
    <property name="java.endorsed.dirs" value="C:\Program Files\Java\jdk1.8.0_101\jre\lib\endorsed"/>
    <property name="java.runtime.name" value="Java(TM) SE Runtime Environment"/>
    <property name="file.encoding" value="GBK"/>
    <property name="java.vm.name" value="Java HotSpot(TM) 64-Bit Server VM"/>
    <property name="localRepository" value="D:\repository"/>
    <property name="java.vendor.url.bug" value="http://bugreport.sun.com/bugreport/"/>
    <property name="java.io.tmpdir" value="C:\Users\13722\AppData\Local\Temp\"/>
    <property name="idea.version" value="2018.3.3"/>
    <property name="java.version" value="1.8.0_101"/>
    <property name="user.dir" value="D:\1-Project\kill"/>
    <property name="os.arch" value="amd64"/>
    <property name="java.vm.specification.name" value="Java Virtual Machine Specification"/>
    <property name="java.awt.printerjob" value="sun.awt.windows.WPrinterJob"/>
    <property name="sun.os.patch.level" value=""/>
    <property name="java.library.path" value="C:\Program Files\Java\jdk1.8.0_101\jre\bin;C:\WINDOWS\Sun\Java\bin;C:\WINDOWS\system32;C:\WINDOWS;C:\Program Files (x86)\Common Files\Oracle\Java\javapath;C:\ProgramData\Oracle\Java\javapath;C:\Program Files\Java\jdk1.8.0_101\bin;C:\Program Files\Java\jdk1.8.0_101\jre\bin;D:\apache-maven-3.3.9\bin;D:\Python\Scripts\;D:\Python\;C:\Program Files (x86)\Razer Chroma SDK\bin;C:\Program Files\Razer Chroma SDK\bin;C:\Program Files (x86)\Razer\ChromaBroadcast\bin;C:\Program Files\Razer\ChromaBroadcast\bin;D:\oracle\product\10.2.0\db_1\bin;D:\MySQL\mysql-8.0.22-winx64\bin;D:\MySQL5\mysql-5.5.36-winx64\bin;&quot;.;D:\MySql Connector Java 8.0.22\mysql-connector-java-8.0.22\mysql-connector-java-8.0.22.jar&quot;;C:\Program Files\dotnet\;C:\Program Files\Microsoft SQL Server\130\Tools\Binn\;C:\Program Files\Microsoft SQL Server\Client SDK\ODBC\170\Tools\Binn\;C:\Users\13722\AppData\Local\Microsoft\WindowsApps;C:\Users\13722\.dotnet\tools;C:\WINDOWS\system32;C:\WINDOWS;C:\WINDOWS\system32\wbem;D:\Git\Git\cmd;C:\WINDOWS\System32\Wbem;C:\WINDOWS\System32\WindowsPowerShell\v1.0\;C:\WINDOWS\System32\OpenSSH\;D:\gradle\gradle-6.8.2\bin;D:\erl10.3\bin;D:\Microsoft VS Code\bin;D:\PyCharm Community Edition 2020.3.3\bin;;C:\Users\13722\AppData\Local\Programs\Python\Python35\python.exe;C:\Users\13722\AppData\Local\Programs\Python\Python35\Scripts;;D:\IDEA\IntelliJ IDEA 2018.3.3\bin;;C:\Users\13722\AppData\Local\Microsoft\WindowsApps;."/>
    <property name="java.vm.info" value="mixed mode"/>
    <property name="java.vendor" value="Oracle Corporation"/>
    <property name="java.vm.version" value="25.101-b13"/>
    <property name="java.ext.dirs" value="C:\Program Files\Java\jdk1.8.0_101\jre\lib\ext;C:\WINDOWS\Sun\Java\lib\ext"/>
    <property name="sun.io.unicode.encoding" value="UnicodeLittle"/>
    <property name="maven.repo.local" value="D:\repository"/>
    <property name="java.class.version" value="52.0"/>
  </properties>
  <testcase name="contextLoads" classname="com.chw.kill.KillApplicationTests" time="0.298"/>
</testsuite>